Performing C++ SOURCE FILE Test CMAKE_HAVE_LIBC_PTHREAD failed with the following output:
Change Dir: /home/judeonyia/Documents/ECE596C_Assignments/ECE596C_Assgn_6/cpp_concurrency-JudeOnyia/Assgn_precheck/package-tpool_sane/derived/CMakeFiles/CMakeTmp

Run Build Command(s):/usr/bin/gmake cmTC_619fc/fast && /usr/bin/gmake  -f CMakeFiles/cmTC_619fc.dir/build.make CMakeFiles/cmTC_619fc.dir/build
gmake[1]: Entering directory `/home/judeonyia/Documents/ECE596C_Assignments/ECE596C_Assgn_6/cpp_concurrency-JudeOnyia/Assgn_precheck/package-tpool_sane/derived/CMakeFiles/CMakeTmp'
Building CXX object CMakeFiles/cmTC_619fc.dir/src.cxx.o
/home/frodo/public/ugls_lab-4.0.70/bin/g++    -pedantic-errors -DCMAKE_HAVE_LIBC_PTHREAD   -std=gnu++17 -o CMakeFiles/cmTC_619fc.dir/src.cxx.o -c /home/judeonyia/Documents/ECE596C_Assignments/ECE596C_Assgn_6/cpp_concurrency-JudeOnyia/Assgn_precheck/package-tpool_sane/derived/CMakeFiles/CMakeTmp/src.cxx
Linking CXX executable cmTC_619fc
/home/frodo/public/ugls_lab-4.0.70/packages/cmake-3.17.1/bin/cmake -E cmake_link_script CMakeFiles/cmTC_619fc.dir/link.txt --verbose=1
/home/frodo/public/ugls_lab-4.0.70/bin/g++  -pedantic-errors -DCMAKE_HAVE_LIBC_PTHREAD    CMakeFiles/cmTC_619fc.dir/src.cxx.o  -o cmTC_619fc 
CMakeFiles/cmTC_619fc.dir/src.cxx.o: In function `main':
src.cxx:(.text+0x2d): undefined reference to `pthread_create'
src.cxx:(.text+0x39): undefined reference to `pthread_detach'
src.cxx:(.text+0x45): undefined reference to `pthread_cancel'
src.cxx:(.text+0x56): undefined reference to `pthread_join'
src.cxx:(.text+0x6a): undefined reference to `pthread_atfork'
collect2: error: ld returned 1 exit status
gmake[1]: *** [cmTC_619fc] Error 1
gmake[1]: Leaving directory `/home/judeonyia/Documents/ECE596C_Assignments/ECE596C_Assgn_6/cpp_concurrency-JudeOnyia/Assgn_precheck/package-tpool_sane/derived/CMakeFiles/CMakeTmp'
gmake: *** [cmTC_619fc/fast] Error 2


Source file was:
#include <pthread.h>

void* test_func(void* data)
{
  return data;
}

int main(void)
{
  pthread_t thread;
  pthread_create(&thread, NULL, test_func, NULL);
  pthread_detach(thread);
  pthread_cancel(thread);
  pthread_join(thread, NULL);
  pthread_atfork(NULL, NULL, NULL);
  pthread_exit(NULL);

  return 0;
}

Determining if the function pthread_create exists in the pthreads failed with the following output:
Change Dir: /home/judeonyia/Documents/ECE596C_Assignments/ECE596C_Assgn_6/cpp_concurrency-JudeOnyia/Assgn_precheck/package-tpool_sane/derived/CMakeFiles/CMakeTmp

Run Build Command(s):/usr/bin/gmake cmTC_49bfc/fast && /usr/bin/gmake  -f CMakeFiles/cmTC_49bfc.dir/build.make CMakeFiles/cmTC_49bfc.dir/build
gmake[1]: Entering directory `/home/judeonyia/Documents/ECE596C_Assignments/ECE596C_Assgn_6/cpp_concurrency-JudeOnyia/Assgn_precheck/package-tpool_sane/derived/CMakeFiles/CMakeTmp'
Building CXX object CMakeFiles/cmTC_49bfc.dir/CheckFunctionExists.cxx.o
/home/frodo/public/ugls_lab-4.0.70/bin/g++    -pedantic-errors -DCHECK_FUNCTION_EXISTS=pthread_create   -std=gnu++17 -o CMakeFiles/cmTC_49bfc.dir/CheckFunctionExists.cxx.o -c /home/judeonyia/Documents/ECE596C_Assignments/ECE596C_Assgn_6/cpp_concurrency-JudeOnyia/Assgn_precheck/package-tpool_sane/derived/CMakeFiles/CheckLibraryExists/CheckFunctionExists.cxx
Linking CXX executable cmTC_49bfc
/home/frodo/public/ugls_lab-4.0.70/packages/cmake-3.17.1/bin/cmake -E cmake_link_script CMakeFiles/cmTC_49bfc.dir/link.txt --verbose=1
/home/frodo/public/ugls_lab-4.0.70/bin/g++  -pedantic-errors -DCHECK_FUNCTION_EXISTS=pthread_create    CMakeFiles/cmTC_49bfc.dir/CheckFunctionExists.cxx.o  -o cmTC_49bfc  -lpthreads 
/usr/bin/ld: cannot find -lpthreads
collect2: error: ld returned 1 exit status
gmake[1]: *** [cmTC_49bfc] Error 1
gmake[1]: Leaving directory `/home/judeonyia/Documents/ECE596C_Assignments/ECE596C_Assgn_6/cpp_concurrency-JudeOnyia/Assgn_precheck/package-tpool_sane/derived/CMakeFiles/CMakeTmp'
gmake: *** [cmTC_49bfc/fast] Error 2



